<?xml version="1.0" encoding="UTF-8" ?>
<testsuite failures="0" time="6.472" errors="0" skipped="0" tests="2" name="edu.hziee.common.tcp.TCPRouterTestCase">
  <properties>
    <property name="java.runtime.name" value="Java(TM) SE Runtime Environment"/>
    <property name="sun.boot.library.path" value="C:\Program Files\Java\jre6\bin"/>
    <property name="java.vm.version" value="16.3-b01"/>
    <property name="java.vm.vendor" value="Sun Microsystems Inc."/>
    <property name="java.vendor.url" value="http://java.sun.com/"/>
    <property name="path.separator" value=";"/>
    <property name="java.vm.name" value="Java HotSpot(TM) Client VM"/>
    <property name="file.encoding.pkg" value="sun.io"/>
    <property name="user.country" value="CN"/>
    <property name="sun.java.launcher" value="SUN_STANDARD"/>
    <property name="sun.os.patch.level" value="Service Pack 1"/>
    <property name="java.vm.specification.name" value="Java Virtual Machine Specification"/>
    <property name="user.dir" value="D:\public\framework-parent\framework-tcp"/>
    <property name="java.runtime.version" value="1.6.0_20-b02"/>
    <property name="java.awt.graphicsenv" value="sun.awt.Win32GraphicsEnvironment"/>
    <property name="basedir" value="D:\public\framework-parent\framework-tcp"/>
    <property name="java.endorsed.dirs" value="C:\Program Files\Java\jre6\lib\endorsed"/>
    <property name="os.arch" value="x86"/>
    <property name="surefire.real.class.path" value="D:\public\framework-parent\framework-tcp\target\surefire\surefirebooter6969674182129259304.jar"/>
    <property name="java.io.tmpdir" value="C:\Users\ADMINI~1\AppData\Local\Temp\"/>
    <property name="line.separator" value="
"/>
    <property name="java.vm.specification.vendor" value="Sun Microsystems Inc."/>
    <property name="user.variant" value=""/>
    <property name="os.name" value="Windows 7"/>
    <property name="sun.jnu.encoding" value="GBK"/>
    <property name="java.library.path" value="C:\Program Files\Java\jre6\bin;.;C:\Windows\Sun\Java\bin;C:\Windows\system32;C:\Windows;C:/Program Files/Java/jre6/bin/client;C:/Program Files/Java/jre6/bin;C:/Program Files/Java/jre6/lib/i386;C:\Windows\system32;C:\Windows;C:\Windows\System32\Wbem;C:\Windows\System32\WindowsPowerShell\v1.0\;C:\Program Files\TortoiseSVN\bin;C:\Program Files\VisualSVN\bin;C:\Windows\system32;C:\Windows;C:\Windows\System32\Wbem;C:\Windows\System32\WindowsPowerShell\v1.0\;C:\Program Files\TortoiseSVN\bin;C:\Program Files\VisualSVN\bin;C:\Program Files\Java\jdk1.6.0_18/bin;D:\apache-maven-3.0.4/bin;D:\Apache-Subversion-1.7.3\bin;D:\eclipse-indigo;"/>
    <property name="surefire.test.class.path" value="D:\public\framework-parent\framework-tcp\target\test-classes;D:\public\framework-parent\framework-tcp\target\classes;D:\.m2\repository\edu\hziee\framework-serialization\1.0.0\framework-serialization-1.0.0.jar;D:\.m2\repository\edu\hziee\framework-lang\1.0.0\framework-lang-1.0.0.jar;D:\.m2\repository\commons-lang\commons-lang\2.5\commons-lang-2.5.jar;D:\.m2\repository\junit\junit\4.10\junit-4.10.jar;D:\.m2\repository\org\hamcrest\hamcrest-core\1.1\hamcrest-core-1.1.jar;D:\.m2\repository\org\slf4j\slf4j-api\1.6.0\slf4j-api-1.6.0.jar;D:\.m2\repository\org\slf4j\slf4j-log4j12\1.6.0\slf4j-log4j12-1.6.0.jar;D:\.m2\repository\log4j\log4j\1.2.14\log4j-1.2.14.jar;D:\.m2\repository\org\springframework\spring\2.5.5\spring-2.5.5.jar;D:\.m2\repository\commons-logging\commons-logging\1.1.1\commons-logging-1.1.1.jar;D:\.m2\repository\org\apache\mina\mina-core\2.0.0-M3\mina-core-2.0.0-M3.jar;D:\.m2\repository\net\sf\ehcache\ehcache\1.6.2\ehcache-1.6.2.jar;"/>
    <property name="java.specification.name" value="Java Platform API Specification"/>
    <property name="java.class.version" value="50.0"/>
    <property name="sun.management.compiler" value="HotSpot Client Compiler"/>
    <property name="os.version" value="6.1"/>
    <property name="user.home" value="C:\Users\Administrator"/>
    <property name="user.timezone" value="Asia/Shanghai"/>
    <property name="java.awt.printerjob" value="sun.awt.windows.WPrinterJob"/>
    <property name="java.specification.version" value="1.6"/>
    <property name="file.encoding" value="GBK"/>
    <property name="user.name" value="Administrator"/>
    <property name="java.class.path" value="D:\public\framework-parent\framework-tcp\target\test-classes;D:\public\framework-parent\framework-tcp\target\classes;D:\.m2\repository\edu\hziee\framework-serialization\1.0.0\framework-serialization-1.0.0.jar;D:\.m2\repository\edu\hziee\framework-lang\1.0.0\framework-lang-1.0.0.jar;D:\.m2\repository\commons-lang\commons-lang\2.5\commons-lang-2.5.jar;D:\.m2\repository\junit\junit\4.10\junit-4.10.jar;D:\.m2\repository\org\hamcrest\hamcrest-core\1.1\hamcrest-core-1.1.jar;D:\.m2\repository\org\slf4j\slf4j-api\1.6.0\slf4j-api-1.6.0.jar;D:\.m2\repository\org\slf4j\slf4j-log4j12\1.6.0\slf4j-log4j12-1.6.0.jar;D:\.m2\repository\log4j\log4j\1.2.14\log4j-1.2.14.jar;D:\.m2\repository\org\springframework\spring\2.5.5\spring-2.5.5.jar;D:\.m2\repository\commons-logging\commons-logging\1.1.1\commons-logging-1.1.1.jar;D:\.m2\repository\org\apache\mina\mina-core\2.0.0-M3\mina-core-2.0.0-M3.jar;D:\.m2\repository\net\sf\ehcache\ehcache\1.6.2\ehcache-1.6.2.jar;"/>
    <property name="java.vm.specification.version" value="1.0"/>
    <property name="sun.arch.data.model" value="32"/>
    <property name="java.home" value="C:\Program Files\Java\jre6"/>
    <property name="java.specification.vendor" value="Sun Microsystems Inc."/>
    <property name="user.language" value="zh"/>
    <property name="awt.toolkit" value="sun.awt.windows.WToolkit"/>
    <property name="java.vm.info" value="mixed mode, sharing"/>
    <property name="java.version" value="1.6.0_20"/>
    <property name="java.ext.dirs" value="C:\Program Files\Java\jre6\lib\ext;C:\Windows\Sun\Java\lib\ext"/>
    <property name="sun.boot.class.path" value="C:\Program Files\Java\jre6\lib\resources.jar;C:\Program Files\Java\jre6\lib\rt.jar;C:\Program Files\Java\jre6\lib\sunrsasign.jar;C:\Program Files\Java\jre6\lib\jsse.jar;C:\Program Files\Java\jre6\lib\jce.jar;C:\Program Files\Java\jre6\lib\charsets.jar;C:\Program Files\Java\jre6\classes"/>
    <property name="java.vendor" value="Sun Microsystems Inc."/>
    <property name="localRepository" value="D:\.m2\repository"/>
    <property name="file.separator" value="\"/>
    <property name="java.vendor.url.bug" value="http://java.sun.com/cgi-bin/bugreport.cgi"/>
    <property name="sun.cpu.endian" value="little"/>
    <property name="sun.io.unicode.encoding" value="UnicodeLittle"/>
    <property name="sun.desktop" value="windows"/>
    <property name="sun.cpu.isalist" value="pentium_pro+mmx pentium_pro pentium+mmx pentium i486 i386 i86"/>
  </properties>
  <testcase time="3.024" classname="edu.hziee.common.tcp.TCPRouterTestCase" name="testDoRefresh"/>
  <testcase time="3.209" classname="edu.hziee.common.tcp.TCPRouterTestCase" name="testSend"/>
</testsuite>